2024-03-26T16:20:35.535+05:30  INFO 16644 --- [main] c.M.MicroServiceEurekaServerApplication  : Starting MicroServiceEurekaServerApplication using Java 17.0.1 with PID 16644 (C:\JavaPractice\SPRING_WS\MicroServiceEurekaServer\target\classes started by aaki.bhoomika in C:\JavaPractice\SPRING_WS\MicroServiceEurekaServer)
2024-03-26T16:20:35.539+05:30  INFO 16644 --- [main] c.M.MicroServiceEurekaServerApplication  : No active profile set, falling back to 1 default profile: "default"
2024-03-26T16:20:36.656+05:30  INFO 16644 --- [main] .s.d.r.c.RepositoryConfigurationDelegate : Bootstrapping Spring Data JPA repositories in DEFAULT mode.
2024-03-26T16:20:36.699+05:30  INFO 16644 --- [main] .s.d.r.c.RepositoryConfigurationDelegate : Finished Spring Data repository scanning in 19 ms. Found 0 JPA repository interfaces.
2024-03-26T16:20:37.014+05:30  INFO 16644 --- [main] o.s.cloud.context.scope.GenericScope     : BeanFactory id=6c4220d5-97a6-393d-99da-eb792962f168
2024-03-26T16:20:37.838+05:30  INFO 16644 --- [main] o.s.b.w.embedded.tomcat.TomcatWebServer  : Tomcat initialized with port(s): 8761 (http)
2024-03-26T16:20:37.856+05:30  INFO 16644 --- [main] o.apache.catalina.core.StandardService   : Starting service [Tomcat]
2024-03-26T16:20:37.857+05:30  INFO 16644 --- [main] o.apache.catalina.core.StandardEngine    : Starting Servlet engine: [Apache Tomcat/10.1.19]
2024-03-26T16:20:38.082+05:30  INFO 16644 --- [main] o.a.c.c.C.[Tomcat].[localhost].[/]       : Initializing Spring embedded WebApplicationContext
2024-03-26T16:20:38.082+05:30  INFO 16644 --- [main] w.s.c.ServletWebServerApplicationContext : Root WebApplicationContext: initialization completed in 2471 ms
2024-03-26T16:20:38.231+05:30  INFO 16644 --- [main] com.zaxxer.hikari.HikariDataSource       : HikariPool-1 - Starting...
2024-03-26T16:20:38.524+05:30  INFO 16644 --- [main] com.zaxxer.hikari.pool.HikariPool        : HikariPool-1 - Added connection conn0: url=jdbc:h2:mem:example user=SA
2024-03-26T16:20:38.527+05:30  INFO 16644 --- [main] com.zaxxer.hikari.HikariDataSource       : HikariPool-1 - Start completed.
2024-03-26T16:20:38.552+05:30  INFO 16644 --- [main] o.s.b.a.h2.H2ConsoleAutoConfiguration    : H2 console available at '/h2-console'. Database available at 'jdbc:h2:mem:example'
2024-03-26T16:20:39.839+05:30  INFO 16644 --- [main] c.n.d.provider.DiscoveryJerseyProvider   : Using JSON encoding codec LegacyJacksonJson
2024-03-26T16:20:39.839+05:30  INFO 16644 --- [main] c.n.d.provider.DiscoveryJerseyProvider   : Using JSON decoding codec LegacyJacksonJson
2024-03-26T16:20:40.006+05:30  INFO 16644 --- [main] c.n.d.provider.DiscoveryJerseyProvider   : Using XML encoding codec XStreamXml
2024-03-26T16:20:40.007+05:30  INFO 16644 --- [main] c.n.d.provider.DiscoveryJerseyProvider   : Using XML decoding codec XStreamXml
2024-03-26T16:20:40.228+05:30  INFO 16644 --- [main] o.hibernate.jpa.internal.util.LogHelper  : HHH000204: Processing PersistenceUnitInfo [name: default]
2024-03-26T16:20:40.307+05:30  INFO 16644 --- [main] org.hibernate.Version                    : HHH000412: Hibernate ORM core version 6.2.22.Final
2024-03-26T16:20:40.310+05:30  INFO 16644 --- [main] org.hibernate.cfg.Environment            : HHH000406: Using bytecode reflection optimizer
2024-03-26T16:20:40.687+05:30  INFO 16644 --- [main] o.s.o.j.p.SpringPersistenceUnitInfo      : No LoadTimeWeaver setup: ignoring JPA class transformer
2024-03-26T16:20:40.736+05:30  WARN 16644 --- [main] org.hibernate.orm.deprecation            : HHH90000025: H2Dialect does not need to be specified explicitly using 'hibernate.dialect' (remove the property setting and it will be selected by default)
2024-03-26T16:20:41.049+05:30  INFO 16644 --- [main] o.h.e.t.j.p.i.JtaPlatformInitiator       : HHH000489: No JTA platform available (set 'hibernate.transaction.jta.platform' to enable JTA platform integration)
2024-03-26T16:20:41.054+05:30  INFO 16644 --- [main] j.LocalContainerEntityManagerFactoryBean : Initialized JPA EntityManagerFactory for persistence unit 'default'
2024-03-26T16:20:41.095+05:30  WARN 16644 --- [main] JpaBaseConfiguration$JpaWebConfiguration : spring.jpa.open-in-view is enabled by default. Therefore, database queries may be performed during view rendering. Explicitly configure spring.jpa.open-in-view to disable this warning
2024-03-26T16:20:42.907+05:30  WARN 16644 --- [main] iguration$LoadBalancerCaffeineWarnLogger : Spring Cloud LoadBalancer is currently working with the default cache. While this cache implementation is useful for development and tests, it's recommended to use Caffeine cache in production.You can switch to using Caffeine cache, by adding it and org.springframework.cache.caffeine.CaffeineCacheManager to the classpath.
2024-03-26T16:20:42.934+05:30  INFO 16644 --- [main] o.s.c.n.eureka.InstanceInfoFactory       : Setting initial instance status as: STARTING
2024-03-26T16:20:42.981+05:30  INFO 16644 --- [main] com.netflix.discovery.DiscoveryClient    : Initializing Eureka in region us-east-1
2024-03-26T16:20:42.981+05:30  INFO 16644 --- [main] com.netflix.discovery.DiscoveryClient    : Client configured to neither register nor query for data.
2024-03-26T16:20:42.991+05:30  INFO 16644 --- [main] com.netflix.discovery.DiscoveryClient    : Discovery Client initialized at timestamp 1711450242990 with initial instances count: 0
2024-03-26T16:20:43.048+05:30  INFO 16644 --- [main] c.n.eureka.DefaultEurekaServerContext    : Initializing ...
2024-03-26T16:20:43.051+05:30  INFO 16644 --- [main] c.n.eureka.cluster.PeerEurekaNodes       : Adding new peer nodes [http://localhost:8761/eureka/]
2024-03-26T16:20:43.221+05:30  INFO 16644 --- [main] c.n.d.provider.DiscoveryJerseyProvider   : Using JSON encoding codec LegacyJacksonJson
2024-03-26T16:20:43.222+05:30  INFO 16644 --- [main] c.n.d.provider.DiscoveryJerseyProvider   : Using JSON decoding codec LegacyJacksonJson
2024-03-26T16:20:43.222+05:30  INFO 16644 --- [main] c.n.d.provider.DiscoveryJerseyProvider   : Using XML encoding codec XStreamXml
2024-03-26T16:20:43.222+05:30  INFO 16644 --- [main] c.n.d.provider.DiscoveryJerseyProvider   : Using XML decoding codec XStreamXml
2024-03-26T16:20:43.368+05:30  INFO 16644 --- [main] c.n.eureka.cluster.PeerEurekaNodes       : Replica node URL:  http://localhost:8761/eureka/
2024-03-26T16:20:43.376+05:30  INFO 16644 --- [main] c.n.e.registry.AbstractInstanceRegistry  : Finished initializing remote region registries. All known remote regions: []
2024-03-26T16:20:43.377+05:30  INFO 16644 --- [main] c.n.eureka.DefaultEurekaServerContext    : Initialized
2024-03-26T16:20:43.390+05:30  INFO 16644 --- [main] o.s.b.a.e.web.EndpointLinksResolver      : Exposing 1 endpoint(s) beneath base path '/actuator'
2024-03-26T16:20:43.466+05:30  INFO 16644 --- [main] o.s.c.n.e.s.EurekaServiceRegistry        : Registering application VENDOREUREKASERVER with eureka with status UP
2024-03-26T16:20:43.484+05:30  INFO 16644 --- [Thread-10] o.s.c.n.e.server.EurekaServerBootstrap   : isAws returned false
2024-03-26T16:20:43.485+05:30  INFO 16644 --- [Thread-10] o.s.c.n.e.server.EurekaServerBootstrap   : Initialized server context
2024-03-26T16:20:43.485+05:30  INFO 16644 --- [Thread-10] c.n.e.r.PeerAwareInstanceRegistryImpl    : Got 1 instances from neighboring DS node
2024-03-26T16:20:43.485+05:30  INFO 16644 --- [Thread-10] c.n.e.r.PeerAwareInstanceRegistryImpl    : Renew threshold is: 1
2024-03-26T16:20:43.485+05:30  INFO 16644 --- [Thread-10] c.n.e.r.PeerAwareInstanceRegistryImpl    : Changing status to UP
2024-03-26T16:20:43.495+05:30  INFO 16644 --- [Thread-10] e.s.EurekaServerInitializerConfiguration : Started Eureka Server
2024-03-26T16:20:43.527+05:30  INFO 16644 --- [main] o.s.b.w.embedded.tomcat.TomcatWebServer  : Tomcat started on port(s): 8761 (http) with context path ''
2024-03-26T16:20:43.529+05:30  INFO 16644 --- [main] .s.c.n.e.s.EurekaAutoServiceRegistration : Updating port to 8761
2024-03-26T16:20:43.977+05:30  INFO 16644 --- [main] c.M.MicroServiceEurekaServerApplication  : Started MicroServiceEurekaServerApplication in 9.292 seconds (process running for 11.622)
2024-03-26T16:21:43.488+05:30  INFO 16644 --- [Eureka-EvictionTimer] c.n.e.registry.AbstractInstanceRegistry  : Running the evict task with compensationTime 0ms
2024-03-26T16:22:06.542+05:30  INFO 16644 --- [http-nio-8761-exec-6] o.a.c.c.C.[Tomcat].[localhost].[/]       : Initializing Spring DispatcherServlet 'dispatcherServlet'
2024-03-26T16:22:06.543+05:30  INFO 16644 --- [http-nio-8761-exec-6] o.s.web.servlet.DispatcherServlet        : Initializing Servlet 'dispatcherServlet'
2024-03-26T16:22:06.545+05:30  INFO 16644 --- [http-nio-8761-exec-6] o.s.web.servlet.DispatcherServlet        : Completed initialization in 2 ms
2024-03-26T16:22:43.494+05:30  INFO 16644 --- [Eureka-EvictionTimer] c.n.e.registry.AbstractInstanceRegistry  : Running the evict task with compensationTime 6ms
2024-03-26T16:23:43.508+05:30  INFO 16644 --- [Eureka-EvictionTimer] c.n.e.registry.AbstractInstanceRegistry  : Running the evict task with compensationTime 14ms
2024-03-26T16:24:43.514+05:30  INFO 16644 --- [Eureka-EvictionTimer] c.n.e.registry.AbstractInstanceRegistry  : Running the evict task with compensationTime 5ms
2024-03-26T16:25:43.527+05:30  INFO 16644 --- [Eureka-EvictionTimer] c.n.e.registry.AbstractInstanceRegistry  : Running the evict task with compensationTime 13ms
